Arguments: 
  C:\Program Files\nodejs\node.exe C:\Users\007ig\AppData\Roaming\npm\node_modules\yarn\bin\yarn.js add react-countdown-circle-timer

PATH: 
  C:\Program Files\Common Files\Oracle\Java\javapath;C:\WINDOWS\system32;C:\WINDOWS;C:\WINDOWS\System32\Wbem;C:\WINDOWS\System32\WindowsPowerShell\v1.0\;C:\WINDOWS\System32\OpenSSH\;C:\Program Files\MongoDB\Server\4.4\bin;C:\Program Files\Git\cmd;C:\Program Files\Java\jdk-15.0.1;C:\Program Files\nodejs\;C:\Program Files\OpenSSL-Win64\bin;C:\Program Files\Java\jdk-15.0.1\bin;C:\Users\007ig\AppData\Local\Microsoft\WindowsApps;C:\Users\007ig\AppData\Local\GitHubDesktop\bin;C:\Program Files\Java\jdk-15.0.1;C:\Users\007ig\AppData\Roaming\npm;C:\Program Files\OpenSSL-Win64\bin;C:\Users\007ig\AppData\Local\Android\Sdk;C:\Program Files\heroku\bin;C:\src\flutter\bin;C:\Users\007ig\AppData\Local\Programs\Microsoft VS Code\bin;

Yarn version: 
  1.22.10

Node version: 
  14.15.1

Platform: 
  win32 x64

Trace: 
  Error: https://registry.yarnpkg.com/@material-ui/icons/-/icons-4.11.2.tgz: ESOCKETTIMEDOUT
      at ClientRequest.<anonymous> (C:\Users\007ig\AppData\Roaming\npm\node_modules\yarn\lib\cli.js:141289:19)
      at Object.onceWrapper (events.js:421:28)
      at ClientRequest.emit (events.js:315:20)
      at TLSSocket.emitRequestTimeout (_http_client.js:784:9)
      at Object.onceWrapper (events.js:421:28)
      at TLSSocket.emit (events.js:327:22)
      at TLSSocket.Socket._onTimeout (net.js:483:8)
      at listOnTimeout (internal/timers.js:554:17)
      at processTimers (internal/timers.js:497:7)

npm manifest: 
  {
    "name": "e-traffic-system-app",
    "version": "0.1.0",
    "private": true,
    "dependencies": {
      "@coreui/coreui": "^4.0.0-rc.5",
      "@coreui/icons": "^2.0.1",
      "@coreui/icons-react": "^1.1.0",
      "@coreui/react": "^4.0.0-alpha.3",
      "@fortawesome/fontawesome-svg-core": "^1.2.35",
      "@fortawesome/free-brands-svg-icons": "^5.15.3",
      "@fortawesome/free-regular-svg-icons": "^5.15.3",
      "@fortawesome/free-solid-svg-icons": "^5.15.3",
      "@fortawesome/react-fontawesome": "^0.1.14",
      "@material-ui/core": "^4.11.4",
      "@material-ui/icons": "^4.11.2",
      "@testing-library/jest-dom": "^5.14.1",
      "@testing-library/react": "^11.2.7",
      "@testing-library/user-event": "^12.8.3",
      "and": "0.0.3",
      "antd": "^4.16.5",
      "aos": "^2.3.4",
      "axios": "^0.21.1",
      "bootstrap": "^5.0.2",
      "js-base64": "^3.6.1",
      "react": "^17.0.2",
      "react-bootstrap": "^1.6.1",
      "react-dom": "^17.0.2",
      "react-fast-marquee": "^1.2.1",
      "react-loader-spinner": "^4.0.0",
      "react-router-dom": "^5.2.0",
      "react-scripts": "^4.0.3",
      "react-stripe-checkout": "^2.6.3",
      "web-vitals": "^1.1.2"
    },
    "scripts": {
      "start": "react-scripts start",
      "build": "react-scripts build",
      "test": "react-scripts test",
      "eject": "react-scripts eject"
    },
    "eslintConfig": {
      "extends": [
        "react-app",
        "react-app/jest"
      ]
    },
    "browserslist": {
      "production": [
        ">0.2%",
        "not dead",
        "not op_mini all"
      ],
      "development": [
        "last 1 chrome version",
        "last 1 firefox version",
        "last 1 safari version"
      ]
    }
  }

yarn manifest: 
  No manifest

Lockfile: 
  No lockfile
